/home/spider/SpiderBot-Algorithm_ros2_ws/install/gwen/lib/python3.10/site-packages/gwen/__init__.py
/home/spider/SpiderBot-Algorithm_ros2_ws/install/gwen/lib/python3.10/site-packages/gwen/movements/anticlockwiseturn.py
/home/spider/SpiderBot-Algorithm_ros2_ws/install/gwen/lib/python3.10/site-packages/gwen/movements/sit.py
/home/spider/SpiderBot-Algorithm_ros2_ws/install/gwen/lib/python3.10/site-packages/gwen/movements/clockwiseturn.py
/home/spider/SpiderBot-Algorithm_ros2_ws/install/gwen/lib/python3.10/site-packages/gwen/movements/stand.py
/home/spider/SpiderBot-Algorithm_ros2_ws/install/gwen/lib/python3.10/site-packages/gwen/movements/__init__.py
/home/spider/SpiderBot-Algorithm_ros2_ws/install/gwen/lib/python3.10/site-packages/gwen/movements/maestro.py
/home/spider/SpiderBot-Algorithm_ros2_ws/install/gwen/lib/python3.10/site-packages/gwen/movements/testing_rotate.py
/home/spider/SpiderBot-Algorithm_ros2_ws/install/gwen/lib/python3.10/site-packages/gwen/__pycache__/__init__.cpython-310.pyc
/home/spider/SpiderBot-Algorithm_ros2_ws/install/gwen/lib/python3.10/site-packages/gwen/movements/__pycache__/anticlockwiseturn.cpython-310.pyc
/home/spider/SpiderBot-Algorithm_ros2_ws/install/gwen/lib/python3.10/site-packages/gwen/movements/__pycache__/sit.cpython-310.pyc
/home/spider/SpiderBot-Algorithm_ros2_ws/install/gwen/lib/python3.10/site-packages/gwen/movements/__pycache__/clockwiseturn.cpython-310.pyc
/home/spider/SpiderBot-Algorithm_ros2_ws/install/gwen/lib/python3.10/site-packages/gwen/movements/__pycache__/stand.cpython-310.pyc
/home/spider/SpiderBot-Algorithm_ros2_ws/install/gwen/lib/python3.10/site-packages/gwen/movements/__pycache__/__init__.cpython-310.pyc
/home/spider/SpiderBot-Algorithm_ros2_ws/install/gwen/lib/python3.10/site-packages/gwen/movements/__pycache__/maestro.cpython-310.pyc
/home/spider/SpiderBot-Algorithm_ros2_ws/install/gwen/lib/python3.10/site-packages/gwen/movements/__pycache__/testing_rotate.cpython-310.pyc
/home/spider/SpiderBot-Algorithm_ros2_ws/install/gwen/share/ament_index/resource_index/packages/gwen
/home/spider/SpiderBot-Algorithm_ros2_ws/install/gwen/share/gwen/package.xml
/home/spider/SpiderBot-Algorithm_ros2_ws/install/gwen/lib/python3.10/site-packages/gwen-0.0.0-py3.10.egg-info/dependency_links.txt
/home/spider/SpiderBot-Algorithm_ros2_ws/install/gwen/lib/python3.10/site-packages/gwen-0.0.0-py3.10.egg-info/top_level.txt
/home/spider/SpiderBot-Algorithm_ros2_ws/install/gwen/lib/python3.10/site-packages/gwen-0.0.0-py3.10.egg-info/requires.txt
/home/spider/SpiderBot-Algorithm_ros2_ws/install/gwen/lib/python3.10/site-packages/gwen-0.0.0-py3.10.egg-info/entry_points.txt
/home/spider/SpiderBot-Algorithm_ros2_ws/install/gwen/lib/python3.10/site-packages/gwen-0.0.0-py3.10.egg-info/SOURCES.txt
/home/spider/SpiderBot-Algorithm_ros2_ws/install/gwen/lib/python3.10/site-packages/gwen-0.0.0-py3.10.egg-info/zip-safe
/home/spider/SpiderBot-Algorithm_ros2_ws/install/gwen/lib/python3.10/site-packages/gwen-0.0.0-py3.10.egg-info/PKG-INFO
/home/spider/SpiderBot-Algorithm_ros2_ws/install/gwen/lib/gwen/maestro
/home/spider/SpiderBot-Algorithm_ros2_ws/install/gwen/lib/gwen/stand
