running egg_info
writing ../../build/gwen/gwen.egg-info/PKG-INFO
writing dependency_links to ../../build/gwen/gwen.egg-info/dependency_links.txt
writing entry points to ../../build/gwen/gwen.egg-info/entry_points.txt
writing requirements to ../../build/gwen/gwen.egg-info/requires.txt
writing top-level names to ../../build/gwen/gwen.egg-info/top_level.txt
reading manifest file '../../build/gwen/gwen.egg-info/SOURCES.txt'
adding license file 'LICENSE'
writing manifest file '../../build/gwen/gwen.egg-info/SOURCES.txt'
running build
running build_py
running install
running install_lib
running install_data
running install_egg_info
removing '/home/spider/SpiderBot-Algorithm_ros2_ws/install/gwen/lib/python3.10/site-packages/gwen-0.0.0-py3.10.egg-info' (and everything under it)
Copying ../../build/gwen/gwen.egg-info to /home/spider/SpiderBot-Algorithm_ros2_ws/install/gwen/lib/python3.10/site-packages/gwen-0.0.0-py3.10.egg-info
running install_scripts
Installing stand script to /home/spider/SpiderBot-Algorithm_ros2_ws/install/gwen/lib/gwen
writing list of installed files to '/home/spider/SpiderBot-Algorithm_ros2_ws/build/gwen/install.log'
