[2.643s] Invoking command in '/home/spider/SpiderBot-Algorithm_ros2_ws/src/gwen': PYTHONPATH=/home/spider/SpiderBot-Algorithm_ros2_ws/build/gwen/prefix_override:/usr/lib/python3/dist-packages/colcon_core/task/python/colcon_distutils_commands:/home/spider/SpiderBot-Algorithm_ros2_ws/install/gwen/lib/python3.10/site-packages:${PYTHONPATH} /usr/bin/python3 -W ignore:setup.py install is deprecated setup.py egg_info --egg-base ../../build/gwen build --build-base /home/spider/SpiderBot-Algorithm_ros2_ws/build/gwen/build install --record /home/spider/SpiderBot-Algorithm_ros2_ws/build/gwen/install.log --single-version-externally-managed install_data
[3.725s] running egg_info
[3.728s] writing ../../build/gwen/gwen.egg-info/PKG-INFO
[3.729s] writing dependency_links to ../../build/gwen/gwen.egg-info/dependency_links.txt
[3.730s] writing entry points to ../../build/gwen/gwen.egg-info/entry_points.txt
[3.731s] writing requirements to ../../build/gwen/gwen.egg-info/requires.txt
[3.731s] writing top-level names to ../../build/gwen/gwen.egg-info/top_level.txt
[3.739s] reading manifest file '../../build/gwen/gwen.egg-info/SOURCES.txt'
[3.740s] adding license file 'LICENSE'
[3.743s] writing manifest file '../../build/gwen/gwen.egg-info/SOURCES.txt'
[3.743s] running build
[3.744s] running build_py
[3.745s] running install
[3.746s] running install_lib
[3.751s] running install_data
[3.751s] running install_egg_info
[3.758s] removing '/home/spider/SpiderBot-Algorithm_ros2_ws/install/gwen/lib/python3.10/site-packages/gwen-0.0.0-py3.10.egg-info' (and everything under it)
[3.759s] Copying ../../build/gwen/gwen.egg-info to /home/spider/SpiderBot-Algorithm_ros2_ws/install/gwen/lib/python3.10/site-packages/gwen-0.0.0-py3.10.egg-info
[3.764s] running install_scripts
[3.843s] Installing stand script to /home/spider/SpiderBot-Algorithm_ros2_ws/install/gwen/lib/gwen
[3.845s] writing list of installed files to '/home/spider/SpiderBot-Algorithm_ros2_ws/build/gwen/install.log'
[3.960s] Invoked command in '/home/spider/SpiderBot-Algorithm_ros2_ws/src/gwen' returned '0': PYTHONPATH=/home/spider/SpiderBot-Algorithm_ros2_ws/build/gwen/prefix_override:/usr/lib/python3/dist-packages/colcon_core/task/python/colcon_distutils_commands:/home/spider/SpiderBot-Algorithm_ros2_ws/install/gwen/lib/python3.10/site-packages:${PYTHONPATH} /usr/bin/python3 -W ignore:setup.py install is deprecated setup.py egg_info --egg-base ../../build/gwen build --build-base /home/spider/SpiderBot-Algorithm_ros2_ws/build/gwen/build install --record /home/spider/SpiderBot-Algorithm_ros2_ws/build/gwen/install.log --single-version-externally-managed install_data
