[0.704s] DEBUG:colcon:Command line arguments: ['/usr/bin/colcon', 'build']
[0.704s] DEBUG:colcon:Parsed command line arguments: Namespace(log_base=None, log_level=None, verb_name='build', build_base='build', install_base='install', merge_install=False, symlink_install=False, test_result_base=None, continue_on_error=False, executor='parallel', parallel_workers=4, event_handlers=None, ignore_user_meta=False, metas=['./colcon.meta'], base_paths=['.'], packages_ignore=None, packages_ignore_regex=None, paths=None, packages_up_to=None, packages_up_to_regex=None, packages_above=None, packages_above_and_dependencies=None, packages_above_depth=None, packages_select_by_dep=None, packages_skip_by_dep=None, packages_skip_up_to=None, packages_select_build_failed=False, packages_skip_build_finished=False, packages_select_test_failures=False, packages_skip_test_passed=False, packages_select=None, packages_skip=None, packages_select_regex=None, packages_skip_regex=None, packages_start=None, packages_end=None, allow_overriding=[], cmake_args=None, cmake_target=None, cmake_target_skip_unavailable=False, cmake_clean_cache=False, cmake_clean_first=False, cmake_force_configure=False, ament_cmake_args=None, catkin_cmake_args=None, catkin_skip_building_tests=False, mixin_files=None, mixin=None, verb_parser=<colcon_mixin.mixin.mixin_argument.MixinArgumentDecorator object at 0xffffa0531ab0>, verb_extension=<colcon_core.verb.build.BuildVerb object at 0xffffa065e0e0>, main=<bound method BuildVerb.main of <colcon_core.verb.build.BuildVerb object at 0xffffa065e0e0>>, mixin_verb=('build',))
[1.866s] Level 1:colcon.colcon_core.package_discovery:discover_packages(colcon_meta) check parameters
[1.866s] Level 1:colcon.colcon_core.package_discovery:discover_packages(recursive) check parameters
[1.867s] Level 1:colcon.colcon_core.package_discovery:discover_packages(ignore) check parameters
[1.867s] Level 1:colcon.colcon_core.package_discovery:discover_packages(path) check parameters
[1.867s] Level 1:colcon.colcon_core.package_discovery:discover_packages(colcon_meta) discover
[1.867s] Level 1:colcon.colcon_core.package_discovery:discover_packages(recursive) discover
[1.867s] INFO:colcon.colcon_core.package_discovery:Crawling recursively for packages in '/home/spider/SpiderBot-Algorithm_ros2_ws'
[1.868s] Level 1:colcon.colcon_core.package_identification:_identify(.) by extensions ['ignore', 'ignore_ament_install']
[1.869s] Level 1:colcon.colcon_core.package_identification:_identify(.) by extension 'ignore'
[1.869s] Level 1:colcon.colcon_core.package_identification:_identify(.) by extension 'ignore_ament_install'
[1.869s] Level 1:colcon.colcon_core.package_identification:_identify(.) by extensions ['colcon_pkg']
[1.869s] Level 1:colcon.colcon_core.package_identification:_identify(.) by extension 'colcon_pkg'
[1.870s] Level 1:colcon.colcon_core.package_identification:_identify(.) by extensions ['colcon_meta']
[1.870s] Level 1:colcon.colcon_core.package_identification:_identify(.) by extension 'colcon_meta'
[1.870s] Level 1:colcon.colcon_core.package_identification:_identify(.) by extensions ['ros']
[1.870s] Level 1:colcon.colcon_core.package_identification:_identify(.) by extension 'ros'
[1.917s] Level 1:colcon.colcon_core.package_identification:_identify(.) by extensions ['cmake', 'python']
[1.917s] Level 1:colcon.colcon_core.package_identification:_identify(.) by extension 'cmake'
[1.917s] Level 1:colcon.colcon_core.package_identification:_identify(.) by extension 'python'
[1.917s] Level 1:colcon.colcon_core.package_identification:_identify(.) by extensions ['python_setup_py']
[1.917s] Level 1:colcon.colcon_core.package_identification:_identify(.) by extension 'python_setup_py'
[1.918s] Level 1:colcon.colcon_core.package_identification:_identify(build) by extensions ['ignore', 'ignore_ament_install']
[1.918s] Level 1:colcon.colcon_core.package_identification:_identify(build) by extension 'ignore'
[1.918s] Level 1:colcon.colcon_core.package_identification:_identify(build) ignored
[1.919s] Level 1:colcon.colcon_core.package_identification:_identify(install) by extensions ['ignore', 'ignore_ament_install']
[1.919s] Level 1:colcon.colcon_core.package_identification:_identify(install) by extension 'ignore'
[1.920s] Level 1:colcon.colcon_core.package_identification:_identify(install) ignored
[1.920s] Level 1:colcon.colcon_core.package_identification:_identify(log) by extensions ['ignore', 'ignore_ament_install']
[1.920s] Level 1:colcon.colcon_core.package_identification:_identify(log) by extension 'ignore'
[1.920s] Level 1:colcon.colcon_core.package_identification:_identify(log) ignored
[1.921s] Level 1:colcon.colcon_core.package_identification:_identify(src) by extensions ['ignore', 'ignore_ament_install']
[1.921s] Level 1:colcon.colcon_core.package_identification:_identify(src) by extension 'ignore'
[1.921s] Level 1:colcon.colcon_core.package_identification:_identify(src) by extension 'ignore_ament_install'
[1.921s] Level 1:colcon.colcon_core.package_identification:_identify(src) by extensions ['colcon_pkg']
[1.921s] Level 1:colcon.colcon_core.package_identification:_identify(src) by extension 'colcon_pkg'
[1.922s] Level 1:colcon.colcon_core.package_identification:_identify(src) by extensions ['colcon_meta']
[1.922s] Level 1:colcon.colcon_core.package_identification:_identify(src) by extension 'colcon_meta'
[1.922s] Level 1:colcon.colcon_core.package_identification:_identify(src) by extensions ['ros']
[1.922s] Level 1:colcon.colcon_core.package_identification:_identify(src) by extension 'ros'
[1.923s] Level 1:colcon.colcon_core.package_identification:_identify(src) by extensions ['cmake', 'python']
[1.923s] Level 1:colcon.colcon_core.package_identification:_identify(src) by extension 'cmake'
[1.923s] Level 1:colcon.colcon_core.package_identification:_identify(src) by extension 'python'
[1.923s] Level 1:colcon.colcon_core.package_identification:_identify(src) by extensions ['python_setup_py']
[1.923s] Level 1:colcon.colcon_core.package_identification:_identify(src) by extension 'python_setup_py'
[1.924s] Level 1:colcon.colcon_core.package_identification:_identify(src/gwen) by extensions ['ignore', 'ignore_ament_install']
[1.924s] Level 1:colcon.colcon_core.package_identification:_identify(src/gwen) by extension 'ignore'
[1.925s] Level 1:colcon.colcon_core.package_identification:_identify(src/gwen) by extension 'ignore_ament_install'
[1.925s] Level 1:colcon.colcon_core.package_identification:_identify(src/gwen) by extensions ['colcon_pkg']
[1.925s] Level 1:colcon.colcon_core.package_identification:_identify(src/gwen) by extension 'colcon_pkg'
[1.925s] Level 1:colcon.colcon_core.package_identification:_identify(src/gwen) by extensions ['colcon_meta']
[1.925s] Level 1:colcon.colcon_core.package_identification:_identify(src/gwen) by extension 'colcon_meta'
[1.925s] Level 1:colcon.colcon_core.package_identification:_identify(src/gwen) by extensions ['ros']
[1.925s] Level 1:colcon.colcon_core.package_identification:_identify(src/gwen) by extension 'ros'
[1.936s] DEBUG:colcon.colcon_core.package_identification:Package 'src/gwen' with type 'ros.ament_python' and name 'gwen'
[1.936s] Level 1:colcon.colcon_core.package_discovery:discover_packages(recursive) using defaults
[1.937s] Level 1:colcon.colcon_core.package_discovery:discover_packages(ignore) discover
[1.937s] Level 1:colcon.colcon_core.package_discovery:discover_packages(ignore) using defaults
[1.937s] Level 1:colcon.colcon_core.package_discovery:discover_packages(path) discover
[1.937s] Level 1:colcon.colcon_core.package_discovery:discover_packages(path) using defaults
[2.069s] Level 1:colcon.colcon_core.package_discovery:discover_packages(prefix_path) check parameters
[2.069s] Level 1:colcon.colcon_core.package_discovery:discover_packages(prefix_path) discover
[2.090s] DEBUG:colcon.colcon_installed_package_information.package_discovery:Found 270 installed packages in /opt/ros/humble
[2.137s] Level 1:colcon.colcon_core.package_discovery:discover_packages(prefix_path) using defaults
[2.298s] Level 5:colcon.colcon_core.verb:set package 'gwen' build argument 'cmake_args' from command line to 'None'
[2.298s] Level 5:colcon.colcon_core.verb:set package 'gwen' build argument 'cmake_target' from command line to 'None'
[2.298s] Level 5:colcon.colcon_core.verb:set package 'gwen' build argument 'cmake_target_skip_unavailable' from command line to 'False'
[2.298s] Level 5:colcon.colcon_core.verb:set package 'gwen' build argument 'cmake_clean_cache' from command line to 'False'
[2.298s] Level 5:colcon.colcon_core.verb:set package 'gwen' build argument 'cmake_clean_first' from command line to 'False'
[2.298s] Level 5:colcon.colcon_core.verb:set package 'gwen' build argument 'cmake_force_configure' from command line to 'False'
[2.299s] Level 5:colcon.colcon_core.verb:set package 'gwen' build argument 'ament_cmake_args' from command line to 'None'
[2.299s] Level 5:colcon.colcon_core.verb:set package 'gwen' build argument 'catkin_cmake_args' from command line to 'None'
[2.299s] Level 5:colcon.colcon_core.verb:set package 'gwen' build argument 'catkin_skip_building_tests' from command line to 'False'
[2.299s] DEBUG:colcon.colcon_core.verb:Building package 'gwen' with the following arguments: {'ament_cmake_args': None, 'build_base': '/home/spider/SpiderBot-Algorithm_ros2_ws/build/gwen', 'catkin_cmake_args': None, 'catkin_skip_building_tests': False, 'cmake_args': None, 'cmake_clean_cache': False, 'cmake_clean_first': False, 'cmake_force_configure': False, 'cmake_target': None, 'cmake_target_skip_unavailable': False, 'install_base': '/home/spider/SpiderBot-Algorithm_ros2_ws/install/gwen', 'merge_install': False, 'path': '/home/spider/SpiderBot-Algorithm_ros2_ws/src/gwen', 'symlink_install': False, 'test_result_base': None}
[2.299s] INFO:colcon.colcon_core.executor:Executing jobs using 'parallel' executor
[2.303s] DEBUG:colcon.colcon_parallel_executor.executor.parallel:run_until_complete
[2.304s] INFO:colcon.colcon_ros.task.ament_python.build:Building ROS package in '/home/spider/SpiderBot-Algorithm_ros2_ws/src/gwen' with build type 'ament_python'
[2.304s] Level 1:colcon.colcon_core.shell:create_environment_hook('gwen', 'ament_prefix_path')
[2.322s] INFO:colcon.colcon_core.plugin_system:Skipping extension 'colcon_core.shell.bat': Not used on non-Windows systems
[2.323s] INFO:colcon.colcon_core.shell:Creating environment hook '/home/spider/SpiderBot-Algorithm_ros2_ws/install/gwen/share/gwen/hook/ament_prefix_path.ps1'
[2.327s] INFO:colcon.colcon_core.shell:Creating environment descriptor '/home/spider/SpiderBot-Algorithm_ros2_ws/install/gwen/share/gwen/hook/ament_prefix_path.dsv'
[2.330s] INFO:colcon.colcon_core.shell:Creating environment hook '/home/spider/SpiderBot-Algorithm_ros2_ws/install/gwen/share/gwen/hook/ament_prefix_path.sh'
[2.334s] INFO:colcon.colcon_core.shell:Skip shell extension 'powershell' for command environment: Not usable outside of PowerShell
[2.334s] DEBUG:colcon.colcon_core.shell:Skip shell extension 'dsv' for command environment
[3.502s] INFO:colcon.colcon_core.task.python.build:Building Python package in '/home/spider/SpiderBot-Algorithm_ros2_ws/src/gwen'
[3.503s] INFO:colcon.colcon_core.shell:Skip shell extension 'powershell' for command environment: Not usable outside of PowerShell
[3.503s] DEBUG:colcon.colcon_core.shell:Skip shell extension 'dsv' for command environment
[5.119s] DEBUG:colcon.colcon_core.event_handler.log_command:Invoking command in '/home/spider/SpiderBot-Algorithm_ros2_ws/src/gwen': PYTHONPATH=/home/spider/SpiderBot-Algorithm_ros2_ws/build/gwen/prefix_override:/usr/lib/python3/dist-packages/colcon_core/task/python/colcon_distutils_commands:/home/spider/SpiderBot-Algorithm_ros2_ws/install/gwen/lib/python3.10/site-packages:${PYTHONPATH} /usr/bin/python3 -W ignore:setup.py install is deprecated setup.py egg_info --egg-base ../../build/gwen build --build-base /home/spider/SpiderBot-Algorithm_ros2_ws/build/gwen/build install --record /home/spider/SpiderBot-Algorithm_ros2_ws/build/gwen/install.log --single-version-externally-managed install_data
[6.431s] DEBUG:colcon.colcon_core.event_handler.log_command:Invoked command in '/home/spider/SpiderBot-Algorithm_ros2_ws/src/gwen' returned '0': PYTHONPATH=/home/spider/SpiderBot-Algorithm_ros2_ws/build/gwen/prefix_override:/usr/lib/python3/dist-packages/colcon_core/task/python/colcon_distutils_commands:/home/spider/SpiderBot-Algorithm_ros2_ws/install/gwen/lib/python3.10/site-packages:${PYTHONPATH} /usr/bin/python3 -W ignore:setup.py install is deprecated setup.py egg_info --egg-base ../../build/gwen build --build-base /home/spider/SpiderBot-Algorithm_ros2_ws/build/gwen/build install --record /home/spider/SpiderBot-Algorithm_ros2_ws/build/gwen/install.log --single-version-externally-managed install_data
[6.453s] Level 1:colcon.colcon_core.environment:checking '/home/spider/SpiderBot-Algorithm_ros2_ws/install/gwen' for CMake module files
[6.455s] Level 1:colcon.colcon_core.environment:checking '/home/spider/SpiderBot-Algorithm_ros2_ws/install/gwen' for CMake config files
[6.459s] Level 1:colcon.colcon_core.environment:checking '/home/spider/SpiderBot-Algorithm_ros2_ws/install/gwen/lib'
[6.460s] Level 1:colcon.colcon_core.environment:checking '/home/spider/SpiderBot-Algorithm_ros2_ws/install/gwen/bin'
[6.460s] Level 1:colcon.colcon_core.environment:checking '/home/spider/SpiderBot-Algorithm_ros2_ws/install/gwen/lib/pkgconfig/gwen.pc'
[6.461s] Level 1:colcon.colcon_core.environment:checking '/home/spider/SpiderBot-Algorithm_ros2_ws/install/gwen/lib/python3.10/site-packages'
[6.461s] Level 1:colcon.colcon_core.shell:create_environment_hook('gwen', 'pythonpath')
[6.462s] INFO:colcon.colcon_core.shell:Creating environment hook '/home/spider/SpiderBot-Algorithm_ros2_ws/install/gwen/share/gwen/hook/pythonpath.ps1'
[6.464s] INFO:colcon.colcon_core.shell:Creating environment descriptor '/home/spider/SpiderBot-Algorithm_ros2_ws/install/gwen/share/gwen/hook/pythonpath.dsv'
[6.465s] INFO:colcon.colcon_core.shell:Creating environment hook '/home/spider/SpiderBot-Algorithm_ros2_ws/install/gwen/share/gwen/hook/pythonpath.sh'
[6.468s] Level 1:colcon.colcon_core.environment:checking '/home/spider/SpiderBot-Algorithm_ros2_ws/install/gwen/bin'
[6.468s] Level 1:colcon.colcon_core.environment:create_environment_scripts_only(gwen)
[6.470s] INFO:colcon.colcon_core.shell:Creating package script '/home/spider/SpiderBot-Algorithm_ros2_ws/install/gwen/share/gwen/package.ps1'
[6.473s] INFO:colcon.colcon_core.shell:Creating package descriptor '/home/spider/SpiderBot-Algorithm_ros2_ws/install/gwen/share/gwen/package.dsv'
[6.476s] INFO:colcon.colcon_core.shell:Creating package script '/home/spider/SpiderBot-Algorithm_ros2_ws/install/gwen/share/gwen/package.sh'
[6.480s] INFO:colcon.colcon_core.shell:Creating package script '/home/spider/SpiderBot-Algorithm_ros2_ws/install/gwen/share/gwen/package.bash'
[6.483s] INFO:colcon.colcon_core.shell:Creating package script '/home/spider/SpiderBot-Algorithm_ros2_ws/install/gwen/share/gwen/package.zsh'
[6.487s] Level 1:colcon.colcon_core.environment:create_file_with_runtime_dependencies(/home/spider/SpiderBot-Algorithm_ros2_ws/install/gwen/share/colcon-core/packages/gwen)
[6.488s] DEBUG:colcon.colcon_parallel_executor.executor.parallel:closing loop
[6.490s] DEBUG:colcon.colcon_parallel_executor.executor.parallel:loop closed
[6.490s] DEBUG:colcon.colcon_parallel_executor.executor.parallel:run_until_complete finished with '0'
[6.491s] DEBUG:colcon.colcon_core.event_reactor:joining thread
[6.515s] INFO:colcon.colcon_core.plugin_system:Skipping extension 'colcon_notification.desktop_notification.terminal_notifier': Not used on non-Darwin systems
[6.515s] INFO:colcon.colcon_core.plugin_system:Skipping extension 'colcon_notification.desktop_notification.win32': Not used on non-Windows systems
[6.515s] INFO:colcon.colcon_notification.desktop_notification:Sending desktop notification using 'notify2'
[6.565s] DEBUG:colcon.colcon_core.event_reactor:joined thread
[6.566s] INFO:colcon.colcon_core.shell:Creating prefix script '/home/spider/SpiderBot-Algorithm_ros2_ws/install/local_setup.ps1'
[6.570s] INFO:colcon.colcon_core.shell:Creating prefix util module '/home/spider/SpiderBot-Algorithm_ros2_ws/install/_local_setup_util_ps1.py'
[6.576s] INFO:colcon.colcon_core.shell:Creating prefix chain script '/home/spider/SpiderBot-Algorithm_ros2_ws/install/setup.ps1'
[6.580s] INFO:colcon.colcon_core.shell:Creating prefix script '/home/spider/SpiderBot-Algorithm_ros2_ws/install/local_setup.sh'
[6.583s] INFO:colcon.colcon_core.shell:Creating prefix util module '/home/spider/SpiderBot-Algorithm_ros2_ws/install/_local_setup_util_sh.py'
[6.585s] INFO:colcon.colcon_core.shell:Creating prefix chain script '/home/spider/SpiderBot-Algorithm_ros2_ws/install/setup.sh'
[6.590s] INFO:colcon.colcon_core.shell:Creating prefix script '/home/spider/SpiderBot-Algorithm_ros2_ws/install/local_setup.bash'
[6.592s] INFO:colcon.colcon_core.shell:Creating prefix chain script '/home/spider/SpiderBot-Algorithm_ros2_ws/install/setup.bash'
[6.598s] INFO:colcon.colcon_core.shell:Creating prefix script '/home/spider/SpiderBot-Algorithm_ros2_ws/install/local_setup.zsh'
[6.600s] INFO:colcon.colcon_core.shell:Creating prefix chain script '/home/spider/SpiderBot-Algorithm_ros2_ws/install/setup.zsh'
